It works
Wed Apr  9 05:59:47 AM MDT 2025: Starting script
Wed Apr  9 05:59:47 AM MDT 2025: Finished script
Wed Apr  9 05:59:55 AM MDT 2025: Starting script
Wed Apr  9 05:59:55 AM MDT 2025: Finished script
Wed Apr  9 06:03:03 AM MDT 2025: Starting script
Wed Apr  9 06:03:03 AM MDT 2025: Finished script
Wed Apr  9 06:10:44 AM MDT 2025: Generating 2 commits
Wed Apr  9 06:10:44 AM MDT 2025: Commit #1
Wed Apr  9 06:10:45 AM MDT 2025: Commit #2
Wed Apr  9 06:14:08 AM MDT 2025: Generating 1 commits
Wed Apr  9 06:14:08 AM MDT 2025: Commit #1 - autopush
Thu Apr 10 07:41:41 AM MDT 2025: Generating 1 commits
Thu Apr 10 07:41:41 AM MDT 2025: Commit #1 - tweak counter
Thu Apr 10 07:59:19 AM MDT 2025: Generating 1 commits
Thu Apr 10 07:59:19 AM MDT 2025: Commit #1 - tweak counter
Thu Apr 10 08:02:45 AM MDT 2025: Generating 10 commits
Thu Apr 10 08:02:45 AM MDT 2025: Commit #1 - update 🔄
Thu Apr 10 08:02:47 AM MDT 2025: Commit #2 - log increment 📈
Thu Apr 10 08:02:48 AM MDT 2025: Commit #3 - log increment 📈
Thu Apr 10 08:02:50 AM MDT 2025: Commit #4 - log increment 📈
Thu Apr 10 08:02:51 AM MDT 2025: Commit #5 - tweak counter
Thu Apr 10 08:02:52 AM MDT 2025: Commit #6 - update 🔄
Thu Apr 10 08:06:57 AM MDT 2025: Generating 1 commits
Thu Apr 10 08:06:57 AM MDT 2025: Commit #1 - cron commit
Thu Apr 10 08:07:30 AM MDT 2025: Generating 2 commits
Thu Apr 10 08:07:30 AM MDT 2025: Commit #1 - cron commit
Thu Apr 10 08:07:32 AM MDT 2025: Commit #2 - update 🔄
Thu Apr 10 08:07:49 AM MDT 2025: Generating 7 commits
Thu Apr 10 08:07:49 AM MDT 2025: Commit #1 - log increment 📈
Thu Apr 10 08:07:51 AM MDT 2025: Commit #2 - cron commit
Thu Apr 10 08:07:52 AM MDT 2025: Commit #3 - log increment 📈
Thu Apr 10 08:07:54 AM MDT 2025: Commit #4 - tweak counter
Thu Apr 10 08:07:55 AM MDT 2025: Commit #5 - update 🔄
Thu Apr 10 08:07:56 AM MDT 2025: Commit #6 - cron commit
Thu Apr 10 08:07:58 AM MDT 2025: Commit #7 - tweak counter
/bin/sh: 1: /home/swarmmaster0/Sysadmin scripts/autoGit/generate_cron.sh: not found
Fri Apr 11 11:02:22 AM MDT 2025: Generating 2 commits
Fri Apr 11 11:02:22 AM MDT 2025: Commit #1 - update 🔄
Fri Apr 11 11:02:23 AM MDT 2025: Commit #2 - autopush
Fri Apr 11 11:02:32 AM MDT 2025: Generating 10 commits
Fri Apr 11 11:02:32 AM MDT 2025: Commit #1 - log increment 📈
Fri Apr 11 11:02:34 AM MDT 2025: Commit #2 - cron commit
Fri Apr 11 11:02:35 AM MDT 2025: Commit #3 - update 🔄
Fri Apr 11 11:02:36 AM MDT 2025: Commit #4 - log increment 📈
Fri Apr 11 11:02:38 AM MDT 2025: Commit #5 - update 🔄
/bin/sh: 1: /home/swarmmaster0/Sysadmin scripts/autoGit/generate_cron.sh: not found
Sat Apr 12 11:32:22 PM MDT 2025: Generating 7 commits
Sat Apr 12 11:32:22 PM MDT 2025: Commit #1 - update 🔄
Sat Apr 12 11:32:24 PM MDT 2025: Commit #2 - log increment 📈
Sat Apr 12 11:32:26 PM MDT 2025: Commit #3 - cron commit
Sat Apr 12 11:32:27 PM MDT 2025: Commit #4 - log increment 📈
Sat Apr 12 11:32:29 PM MDT 2025: Commit #5 - tweak counter
Sat Apr 12 11:32:31 PM MDT 2025: Commit #6 - tweak counter
Sat Apr 12 11:32:32 PM MDT 2025: Commit #7 - cron commit
